This is e-TeX, Version 3.141592-2.1 (MiKTeX 2.4) (preloaded format=latex 2000.11.28)  19 OCT 2004 18:40
entering extended mode
**rossby.tex
(rossby.tex
LaTeX2e <2001/06/01>
Babel <v3.7m> and hyphenation patterns for english, french, german, ngerman, du
mylang, nohyphenation, loaded.
(jfm.cls
Document Class: jfm 2001/08/08 v1.25 Journal of Fluid Mechanics document class
\halflineskip=\skip41
\affilskip=\skip42
\c@part=\count79
\c@section=\count80
\c@subsection=\count81
\c@subsubsection=\count82
\c@paragraph=\count83
\@indentskip=\skip43
\smallindent=\skip44
\@footindent=\skip45
\@leftskip=\skip46
\proofbox=\box26
\rpbdim=\skip47
\@stequation=\toks14
\c@subequation=\count84
\c@table=\count85
\c@figure=\count86
LaTeX Info: Redefining \cite on input line 1062.
) (C:\texmf\tex\latex\natbib\natbib.sty
Package: natbib 2003/06/06 7.1 (PWD)
\bibhang=\skip48
\bibsep=\skip49
LaTeX Info: Redefining \cite on input line 518.
\c@NAT@ctr=\count87
) (C:\texmf\tex\latex\psfrag\psfrag.sty
Package: psfrag 1998/04/11 v3.04 PSfrag (MCG)

(C:\texmf\tex\latex\graphics\graphics.sty
Package: graphics 2001/07/07 v1.0n Standard LaTeX Graphics (DPC,SPQR)
 (C:\texmf\tex\latex\graphics\trig.sty
Package: trig 1999/03/16 v1.09 sin cos tan (DPC)
) (C:\texmf\tex\latex\00miktex\graphics.cfg
File: graphics.cfg 2003/03/12 v1.1 MiKTeX 'graphics' configuration
)
Package graphics Info: Driver file: dvips.def on input line 80.

(C:\texmf\tex\latex\graphics\dvips.def
File: dvips.def 1999/02/16 v3.0i Driver-dependant file (DPC,SPQR)
))
\pfg@pcount=\count88
\pfg@scount=\count89
\pfg@temp=\write3
)
(C:\texmf\tex\latex\amsfonts\amssymb.sty
Package: amssymb 2002/01/22 v2.2d

(C:\texmf\tex\latex\amsfonts\amsfonts.sty
Package: amsfonts 2001/10/25 v2.2f
\@emptytoks=\toks15
\symAMSa=\mathgroup4
\symAMSb=\mathgroup5
LaTeX Font Info:    Overwriting math alphabet `\mathfrak' in version `bold'
(Font)                  U/euf/m/n --> U/euf/b/n on input line 132.
))
(C:\texmf\tex\latex\amsmath\amsmath.sty
Package: amsmath 2000/07/18 v2.13 AMS math features
\@mathmargin=\skip50

For additional information on amsmath, use the `?' option.
(C:\texmf\tex\latex\amsmath\amstext.sty
Package: amstext 2000/06/29 v2.01
 (C:\texmf\tex\latex\amsmath\amsgen.sty
File: amsgen.sty 1999/11/30 v2.0
\@emptytoks=\toks16
\ex@=\dimen102
)) (C:\texmf\tex\latex\amsmath\amsbsy.sty
Package: amsbsy 1999/11/29 v1.2d
\pmbraise@=\dimen103
)
(C:\texmf\tex\latex\amsmath\amsopn.sty
Package: amsopn 1999/12/14 v2.01 operator names
)
\inf@bad=\count90
LaTeX Info: Redefining \frac on input line 211.
\uproot@=\count91
\leftroot@=\count92
LaTeX Info: Redefining \overline on input line 307.
\classnum@=\count93
\DOTSCASE@=\count94
LaTeX Info: Redefining \ldots on input line 379.
LaTeX Info: Redefining \dots on input line 382.
LaTeX Info: Redefining \cdots on input line 467.
\Mathstrutbox@=\box27
\strutbox@=\box28
\big@size=\dimen104
LaTeX Font Info:    Redeclaring font encoding OML on input line 567.
LaTeX Font Info:    Redeclaring font encoding OMS on input line 568.
\macc@depth=\count95
\c@MaxMatrixCols=\count96
\dotsspace@=\muskip10
\c@parentequation=\count97
\dspbrk@lvl=\count98
\tag@help=\toks17
\row@=\count99
\column@=\count100
\maxfields@=\count101
\andhelp@=\toks18
\eqnshift@=\dimen105
\alignsep@=\dimen106
\tagshift@=\dimen107
\tagwidth@=\dimen108
\totwidth@=\dimen109
\lineht@=\dimen110
\@envbody=\toks19
\multlinegap=\skip51
\multlinetaggap=\skip52
\mathdisplay@stack=\toks20
LaTeX Info: Redefining \[ on input line 2666.
LaTeX Info: Redefining \] on input line 2667.
)
(C:\texmf\tex\latex\graphics\graphicx.sty
Package: graphicx 1999/02/16 v1.0f Enhanced LaTeX Graphics (DPC,SPQR)

(C:\texmf\tex\latex\graphics\keyval.sty
Package: keyval 1999/03/16 v1.13 key=value parser (DPC)
\KV@toks@=\toks21
)
\Gin@req@height=\dimen111
\Gin@req@width=\dimen112
)
\@input{diagnose.aux}
(diagnose.tex


Found AMS Euler Roman fonts on the system, using the 'upmath' package.

(upmath.sty
Package: upmath 1996/10/20 v1.0 CUP LaTeX2e package
\c@mv@upright=\count102
\c@mv@boldupright=\count103
LaTeX Font Info:    Overwriting symbol font `letters' in version `upright'
(Font)                  OML/cmm/m/it --> OML/eur/m/n on input line 65.
LaTeX Font Info:    Overwriting symbol font `letters' in version `boldupright'
(Font)                  OML/cmm/m/it --> OML/eur/b/n on input line 66.
)


Found AMS Symbol fonts on the system, using the 'amssymb' package.


Found the 'amsbsy' package on the system, using it.

) (macros.tex
\astrutbox=\box29
\c@lemma=\count104
\c@corollary=\count105
) (rossby.aux)
LaTeX Font Info:    Checking defaults for OML/cmm/m/it on input line 47.
LaTeX Font Info:    ... okay on input line 47.
LaTeX Font Info:    Checking defaults for T1/cmr/m/n on input line 47.
LaTeX Font Info:    ... okay on input line 47.
LaTeX Font Info:    Checking defaults for OT1/cmr/m/n on input line 47.
LaTeX Font Info:    ... okay on input line 47.
LaTeX Font Info:    Checking defaults for OMS/cmsy/m/n on input line 47.
LaTeX Font Info:    ... okay on input line 47.
LaTeX Font Info:    Checking defaults for OMX/cmex/m/n on input line 47.
LaTeX Font Info:    ... okay on input line 47.
LaTeX Font Info:    Checking defaults for U/cmr/m/n on input line 47.
LaTeX Font Info:    ... okay on input line 47.

Underfull \hbox (badness 10000) has occurred while \output is active

 []

[1


]
LaTeX Font Info:    Try loading font information for U+msa on input line 58.
 (C:\texmf\tex\latex\amsfonts\umsa.fd
File: umsa.fd 2002/01/19 v2.2g AMS font definitions
)
LaTeX Font Info:    Try loading font information for U+msb on input line 58.
 (C:\texmf\tex\latex\amsfonts\umsb.fd
File: umsb.fd 2002/01/19 v2.2g AMS font definitions
) [2] [3]
LaTeX Font Info:    Try loading font information for OMS+cmr on input line 66.
 (C:\texmf\tex\latex\base\omscmr.fd
File: omscmr.fd 1999/05/25 v2.5h Standard LaTeX font definitions
)
LaTeX Font Info:    Font shape `OMS/cmr/m/n' in size <10> not available
(Font)              Font shape `OMS/cmsy/m/n' tried instead on input line 66.
File: fig1.eps Graphic file (type eps)
 <fig1.eps> [4] [5] [6] [7]
[8] [9] [10] [11] [12] [13]
LaTeX Font Info:    Font shape `OT1/cmtt/bx/n' in size <10> not available
(Font)              Font shape `OT1/cmtt/m/n' tried instead on input line 242.
 [14] [15] [16] [17] [18] [19] [20]
File: wvchconst1.eps Graphic file (type eps)

<wvchconst1.eps> [21]
File: swfsconts.eps Graphic file (type eps)
 <swfsconts.eps>
File: rhfsconts.eps Graphic file (type eps)
 <rhfsconts.eps> [22]
File: CvsAk4w125.eps Graphic file (type eps)
 <CvsAk4w125.eps>
[23] [24]
File: k4w125fsend.eps Graphic file (type eps)
 <k4w125fsend.eps> [25] [26]
File: CvsAk4w1.eps Graphic file (type eps)
 <CvsAk4w1.eps>
File: k4w1fsb1end.eps Graphic file (type eps)
 <k4w1fsb1end.eps> [27]
[28] [29] [30]
File: k4w1fsb4end.eps Graphic file (type eps)
 <k4w1fsb4end.eps>
File: k4w1fsb5end.eps Graphic file (type eps)
 <k4w1fsb5end.eps> [31]
File: k4w1fsvvb5end.eps Graphic file (type eps)
 <k4w1fsvvb5end.eps>
[32]
File: CvsAk5w125.eps Graphic file (type eps)
 <CvsAk5w125.eps> [33] [34] [35]
File: k5w125fsb1end.eps Graphic file (type eps)
 <k5w125fsb1end.eps>
File: CvsAk5w1.eps Graphic file (type eps)
 <CvsAk5w1.eps>
[36] [37]
File: k5w1fsend.eps Graphic file (type eps)
 <k5w1fsend.eps> [38] [39] (rossby.bbl [40] [41]) [42] (rossby.aux) ) 
Here is how much of TeX's memory you used:
 2411 strings out of 95933
 24844 string characters out of 1195656
 75990 words of memory out of 1075958
 5244 multiletter control sequences out of 35000
 19002 words of font info for 68 fonts, out of 500000 for 1000
 14 hyphenation exceptions out of 607
 32i,13n,30p,1556b,351s stack positions out of 1500i,500n,5000p,200000b,32768s

Output written on rossby.dvi (42 pages, 111684 bytes).
